#
# A fatal error has been detected by the Java Runtime Environment:
#
#  EXCEPTION_ACCESS_VIOLATION (0xc0000005) at pc=0x000000005ee47414, pid=9752, tid=0x0000000000005f00
#
# JRE version: Java(TM) SE Runtime Environment (8.0_201-b09) (build 1.8.0_201-b09)
# Java VM: Java HotSpot(TM) 64-Bit Server VM (25.201-b09 mixed mode windows-amd64 compressed oops)
# Problematic frame:
# V  [jvm.dll+0xf7414]
#
# Failed to write core dump. Minidumps are not enabled by default on client versions of Windows
#
# If you would like to submit a bug report, please visit:
#   http://bugreport.java.com/bugreport/crash.jsp
#

---------------  T H R E A D  ---------------

Current thread (0x000000001c64a800):  VMThread [stack: 0x000000001e310000,0x000000001e410000] [id=24320]

siginfo: ExceptionCode=0xc0000005, reading address 0x0000000023d0faf0

Registers:
RAX=0x00000000001940e0, RBX=0x0000000023b7a2c0, RCX=0x0000000023b7ba00, RDX=0x000000000000ca07
RSP=0x000000001e40f178, RBP=0x000000000000017b, RSI=0x000000001e40f460, RDI=0x000000001e40f460
R8 =0x0000000000000000, R9 =0x0000000023b7a2c0, R10=0x000000000000ca07, R11=0x0000000023b79ceb
R12=0x0000000000000000, R13=0x0000000000000000, R14=0x00000000000003d8, R15=0x000000001e40f280
RIP=0x000000005ee47414, EFLAGS=0x0000000000010202

Top of Stack: (sp=0x000000001e40f178)
0x000000001e40f178:   000000005ee4f48c 000000001e40f460
0x000000001e40f188:   0000000000000000 0000000000000176
0x000000001e40f198:   000000005ee501f9 000000001e40f408
0x000000001e40f1a8:   0000000023b79f08 0000000046000171
0x000000001e40f1b8:   000000001e40f220 00005057bfe8de5c
0x000000001e40f1c8:   000000005ee4faa2 000000001e40f290
0x000000001e40f1d8:   000000002059e720 000000001e40f2a0
0x000000001e40f1e8:   000000001e40f460 000000001e40f2d0
0x000000001e40f1f8:   000000005ee5273f 000000000000017b
0x000000001e40f208:   000000000000017b 0000000000000240
0x000000001e40f218:   000000005ee4f926 000000000000017b
0x000000001e40f228:   000000001e40f2d0 000000001e40f290
0x000000001e40f238:   0000000000000240 0000000023b79f08
0x000000001e40f248:   000000005ee5322f 000000001e40f460
0x000000001e40f258:   000000001e40f2d0 000000002059e720
0x000000001e40f268:   0000000023b79f08 0000000000000029 

Instructions: (pc=0x000000005ee47414)
0x000000005ee473f4:   18 f7 d2 48 63 c2 48 c1 e0 05 48 8b 44 08 10 0f
0x000000005ee47404:   b7 c0 41 0f b7 44 c1 52 c3 48 63 c2 48 c1 e0 05
0x000000005ee47414:   48 8b 44 08 10 0f b7 d0 48 63 c2 41 0f b7 44 c1
0x000000005ee47424:   52 c3 49 8b 41 08 48 63 ca 0f b6 44 08 04 3c 12 


Register to memory mapping:

RAX=0x00000000001940e0 is an unknown value
RBX=0x0000000023b7a2c0 is pointing into metadata
RCX=0x0000000023b7ba00 is pointing into metadata
RDX=0x000000000000ca07 is an unknown value
RSP=0x000000001e40f178 is an unknown value
RBP=0x000000000000017b is an unknown value
RSI=0x000000001e40f460 is an unknown value
RDI=0x000000001e40f460 is an unknown value
R8 =0x0000000000000000 is an unknown value
R9 =0x0000000023b7a2c0 is pointing into metadata
R10=0x000000000000ca07 is an unknown value
R11=0x0000000023b79ceb is pointing into metadata
R12=0x0000000000000000 is an unknown value
R13=0x0000000000000000 is an unknown value
R14=0x00000000000003d8 is an unknown value
R15=0x000000001e40f280 is an unknown value


Stack: [0x000000001e310000,0x000000001e410000],  sp=0x000000001e40f178,  free space=1020k
Native frames: (J=compiled Java code, j=interpreted, Vv=VM code, C=native code)
V  [jvm.dll+0xf7414]

VM_Operation (0x000000001f14f620): GetOrSetLocal, mode: safepoint, requested by thread 0x000000001e466800


---------------  P R O C E S S  ---------------

Java Threads: ( => current thread )
  0x0000000027fc2000 JavaThread "Okio Watchdog" daemon [_thread_blocked, id=15644, stack(0x0000000029810000,0x0000000029910000)]
  0x0000000027fbf000 JavaThread "OkHttp ConnectionPool" daemon [_thread_blocked, id=12412, stack(0x0000000029710000,0x0000000029810000)]
  0x0000000027fc3800 JavaThread "Exec Stream Pumper" daemon [_thread_in_native, id=29600, stack(0x0000000028220000,0x0000000028320000)]
  0x0000000027fc3000 JavaThread "Exec Stream Pumper" daemon [_thread_in_native, id=25396, stack(0x0000000028120000,0x0000000028220000)]
  0x0000000027fc0800 JavaThread "Exec Default Executor" daemon [_thread_in_native, id=14820, stack(0x0000000025c00000,0x0000000025d00000)]
  0x0000000020495000 JavaThread "ReaderThread" [_thread_in_native, id=7692, stack(0x0000000021120000,0x0000000021220000)]
  0x000000001e47c800 JavaThread "Service Thread" daemon [_thread_blocked, id=23888, stack(0x000000001f750000,0x000000001f850000)]
  0x000000001e4d2800 JavaThread "C1 CompilerThread3" daemon [_thread_blocked, id=29340, stack(0x000000001f650000,0x000000001f750000)]
  0x000000001e49b800 JavaThread "C2 CompilerThread2" daemon [_thread_blocked, id=25328, stack(0x000000001f550000,0x000000001f650000)]
  0x000000001e48a000 JavaThread "C2 CompilerThread1" daemon [_thread_blocked, id=24072, stack(0x000000001f450000,0x000000001f550000)]
  0x000000001e486800 JavaThread "C2 CompilerThread0" daemon [_thread_blocked, id=16948, stack(0x000000001f350000,0x000000001f450000)]
  0x000000001e474000 JavaThread "JDWP Command Reader" daemon [_thread_in_native, id=26692, stack(0x000000001f250000,0x000000001f350000)]
  0x000000001e467800 JavaThread "JDWP Event Helper Thread" daemon [_thread_blocked, id=25112, stack(0x000000001f150000,0x000000001f250000)]
  0x000000001e466800 JavaThread "JDWP Transport Listener: dt_socket" daemon [_thread_blocked, id=32068, stack(0x000000001f050000,0x000000001f150000)]
  0x000000001e44f800 JavaThread "Attach Listener" daemon [_thread_blocked, id=27316, stack(0x000000001ec10000,0x000000001ed10000)]
  0x000000001e44e800 JavaThread "Signal Dispatcher" daemon [_thread_blocked, id=29020, stack(0x000000001eb10000,0x000000001ec10000)]
  0x000000001c659000 JavaThread "Finalizer" daemon [_thread_blocked, id=13364, stack(0x000000001e910000,0x000000001ea10000)]
  0x000000001e430800 JavaThread "Reference Handler" daemon [_thread_blocked, id=29192, stack(0x000000001e810000,0x000000001e910000)]
  0x0000000002aed000 JavaThread "main" [_thread_blocked, id=26228, stack(0x00000000029e0000,0x0000000002ae0000)]

Other Threads:
=>0x000000001c64a800 VMThread [stack: 0x000000001e310000,0x000000001e410000] [id=24320]
  0x000000001e584800 WatcherThread [stack: 0x000000001f850000,0x000000001f950000] [id=13216]

VM state:at safepoint (normal execution)

VM Mutex/Monitor currently owned by a thread:  ([mutex/lock_event])
[0x0000000000c8bfd0] Threads_lock - owner thread: 0x000000001c64a800

heap address: 0x00000006c1e00000, size: 4066 MB, Compressed Oops mode: Zero based, Oop shift amount: 3
Narrow klass base: 0x0000000000000000, Narrow klass shift: 3
Compressed class space size: 1073741824 Address: 0x00000007c0000000

Heap:
 PSYoungGen      total 145920K, used 31535K [0x000000076b500000, 0x0000000777b00000, 0x00000007c0000000)
  eden space 136192K, 23% used [0x000000076b500000,0x000000076d3cbe90,0x0000000773a00000)
  from space 9728K, 0% used [0x0000000773a00000,0x0000000773a00000,0x0000000774380000)
  to   space 10240K, 0% used [0x0000000777100000,0x0000000777100000,0x0000000777b00000)
 ParOldGen       total 160768K, used 10944K [0x00000006c1e00000, 0x00000006cbb00000, 0x000000076b500000)
  object space 160768K, 6% used [0x00000006c1e00000,0x00000006c28b0270,0x00000006cbb00000)
 Metaspace       used 34874K, capacity 36090K, committed 36352K, reserved 1081344K
  class space    used 4787K, capacity 5073K, committed 5120K, reserved 1048576K

Card table byte_map: [0x0000000011fb0000,0x00000000127b0000] byte_map_base: 0x000000000e9a1000

Marking Bits: (ParMarkBitMap*) 0x000000005f574ce0
 Begin Bits: [0x0000000013500000, 0x0000000017488000)
 End Bits:   [0x0000000017488000, 0x000000001b410000)

Polling page: 0x0000000000c70000

CodeCache: size=245760Kb used=12366Kb max_used=12398Kb free=233393Kb
 bounds [0x0000000002bf0000, 0x0000000003830000, 0x0000000011bf0000]
 total_blobs=4389 nmethods=3930 adapters=378
 compilation: enabled

Compilation events (10 events):
Event: 43.019 Thread 0x000000001e486800 4426       4       net.bytebuddy.description.method.MethodDescription$AbstractBase::isAccessibleTo (104 bytes)
Event: 43.021 Thread 0x000000001e4d2800 4462       3       org.apache.commons.lang3.StringUtils::stripStart (82 bytes)
Event: 43.021 Thread 0x000000001e4d2800 nmethod 4462 0x00000000037fffd0 code [0x0000000003800220, 0x0000000003801138]
Event: 43.021 Thread 0x000000001e4d2800 4464       3       net.thucydides.core.util.NameConverter::onWordBoundary (34 bytes)
Event: 43.023 Thread 0x000000001e4d2800 nmethod 4464 0x0000000003802c10 code [0x0000000003802e60, 0x0000000003803e68]
Event: 43.023 Thread 0x000000001e4d2800 4463       3       com.google.common.base.Splitter$1$1::separatorEnd (4 bytes)
Event: 43.023 Thread 0x000000001e4d2800 nmethod 4463 0x00000000037ffc90 code [0x00000000037ffde0, 0x00000000037fff30]
Event: 43.049 Thread 0x000000001e486800 nmethod 4426 0x0000000003806b10 code [0x0000000003806d40, 0x0000000003807af0]
Event: 43.051 Thread 0x000000001e48a000 nmethod 4432 0x000000000380bb90 code [0x000000000380be40, 0x000000000380d5a0]
Event: 43.126 Thread 0x000000001e49b800 nmethod 4429 0x0000000003815890 code [0x0000000003815de0, 0x000000000381adf8]

GC Heap History (10 events):
Event: 3.569 GC heap before
{Heap before GC invocations=5 (full 1):
 PSYoungGen      total 76288K, used 65536K [0x000000076b500000, 0x0000000774a00000, 0x00000007c0000000)
  eden space 65536K, 100% used [0x000000076b500000,0x000000076f500000,0x000000076f500000)
  from space 10752K, 0% used [0x000000076f500000,0x000000076f500000,0x000000076ff80000)
  to   space 10752K, 0% used [0x0000000773f80000,0x0000000773f80000,0x0000000774a00000)
 ParOldGen       total 107008K, used 8061K [0x00000006c1e00000, 0x00000006c8680000, 0x000000076b500000)
  object space 107008K, 7% used [0x00000006c1e00000,0x00000006c25df5b8,0x00000006c8680000)
 Metaspace       used 26739K, capacity 27266K, committed 27392K, reserved 1073152K
  class space    used 3641K, capacity 3797K, committed 3840K, reserved 1048576K
Event: 3.575 GC heap after
Heap after GC invocations=5 (full 1):
 PSYoungGen      total 103424K, used 6774K [0x000000076b500000, 0x0000000774680000, 0x00000007c0000000)
  eden space 96256K, 0% used [0x000000076b500000,0x000000076b500000,0x0000000771300000)
  from space 7168K, 94% used [0x0000000773f80000,0x000000077461db20,0x0000000774680000)
  to   space 10752K, 0% used [0x0000000773180000,0x0000000773180000,0x0000000773c00000)
 ParOldGen       total 107008K, used 8069K [0x00000006c1e00000, 0x00000006c8680000, 0x000000076b500000)
  object space 107008K, 7% used [0x00000006c1e00000,0x00000006c25e15b8,0x00000006c8680000)
 Metaspace       used 26739K, capacity 27266K, committed 27392K, reserved 1073152K
  class space    used 3641K, capacity 3797K, committed 3840K, reserved 1048576K
}
Event: 5.677 GC heap before
{Heap before GC invocations=6 (full 1):
 PSYoungGen      total 103424K, used 103030K [0x000000076b500000, 0x0000000774680000, 0x00000007c0000000)
  eden space 96256K, 100% used [0x000000076b500000,0x0000000771300000,0x0000000771300000)
  from space 7168K, 94% used [0x0000000773f80000,0x000000077461db20,0x0000000774680000)
  to   space 10752K, 0% used [0x0000000773180000,0x0000000773180000,0x0000000773c00000)
 ParOldGen       total 107008K, used 8069K [0x00000006c1e00000, 0x00000006c8680000, 0x000000076b500000)
  object space 107008K, 7% used [0x00000006c1e00000,0x00000006c25e15b8,0x00000006c8680000)
 Metaspace       used 31526K, capacity 32272K, committed 32512K, reserved 1077248K
  class space    used 4295K, capacity 4510K, committed 4608K, reserved 1048576K
Event: 5.682 GC heap after
Heap after GC invocations=6 (full 1):
 PSYoungGen      total 138240K, used 6068K [0x000000076b500000, 0x0000000774d00000, 0x00000007c0000000)
  eden space 127488K, 0% used [0x000000076b500000,0x000000076b500000,0x0000000773180000)
  from space 10752K, 56% used [0x0000000773180000,0x000000077376d0b0,0x0000000773c00000)
  to   space 9728K, 0% used [0x0000000774380000,0x0000000774380000,0x0000000774d00000)
 ParOldGen       total 107008K, used 8077K [0x00000006c1e00000, 0x00000006c8680000, 0x000000076b500000)
  object space 107008K, 7% used [0x00000006c1e00000,0x00000006c25e35b8,0x00000006c8680000)
 Metaspace       used 31526K, capacity 32272K, committed 32512K, reserved 1077248K
  class space    used 4295K, capacity 4510K, committed 4608K, reserved 1048576K
}
Event: 38.789 GC heap before
{Heap before GC invocations=7 (full 1):
 PSYoungGen      total 138240K, used 133556K [0x000000076b500000, 0x0000000774d00000, 0x00000007c0000000)
  eden space 127488K, 100% used [0x000000076b500000,0x0000000773180000,0x0000000773180000)
  from space 10752K, 56% used [0x0000000773180000,0x000000077376d0b0,0x0000000773c00000)
  to   space 9728K, 0% used [0x0000000774380000,0x0000000774380000,0x0000000774d00000)
 ParOldGen       total 107008K, used 8077K [0x00000006c1e00000, 0x00000006c8680000, 0x000000076b500000)
  object space 107008K, 7% used [0x00000006c1e00000,0x00000006c25e35b8,0x00000006c8680000)
 Metaspace       used 33975K, capacity 35130K, committed 35456K, reserved 1079296K
  class space    used 4635K, capacity 4909K, committed 4992K, reserved 1048576K
Event: 38.793 GC heap after
Heap after GC invocations=7 (full 1):
 PSYoungGen      total 145920K, used 6807K [0x000000076b500000, 0x0000000777000000, 0x00000007c0000000)
  eden space 136192K, 0% used [0x000000076b500000,0x000000076b500000,0x0000000773a00000)
  from space 9728K, 69% used [0x0000000774380000,0x0000000774a25f28,0x0000000774d00000)
  to   space 9728K, 0% used [0x0000000773a00000,0x0000000773a00000,0x0000000774380000)
 ParOldGen       total 107008K, used 8085K [0x00000006c1e00000, 0x00000006c8680000, 0x000000076b500000)
  object space 107008K, 7% used [0x00000006c1e00000,0x00000006c25e55b8,0x00000006c8680000)
 Metaspace       used 33975K, capacity 35130K, committed 35456K, reserved 1079296K
  class space    used 4635K, capacity 4909K, committed 4992K, reserved 1048576K
}
Event: 39.829 GC heap before
{Heap before GC invocations=8 (full 1):
 PSYoungGen      total 145920K, used 47922K [0x000000076b500000, 0x0000000777000000, 0x00000007c0000000)
  eden space 136192K, 30% used [0x000000076b500000,0x000000076dd26aa8,0x0000000773a00000)
  from space 9728K, 69% used [0x0000000774380000,0x0000000774a25f28,0x0000000774d00000)
  to   space 9728K, 0% used [0x0000000773a00000,0x0000000773a00000,0x0000000774380000)
 ParOldGen       total 107008K, used 8085K [0x00000006c1e00000, 0x00000006c8680000, 0x000000076b500000)
  object space 107008K, 7% used [0x00000006c1e00000,0x00000006c25e55b8,0x00000006c8680000)
 Metaspace       used 34206K, capacity 35396K, committed 35456K, reserved 1079296K
  class space    used 4671K, capacity 4974K, committed 4992K, reserved 1048576K
Event: 39.835 GC heap after
Heap after GC invocations=8 (full 1):
 PSYoungGen      total 145920K, used 5032K [0x000000076b500000, 0x0000000777b00000, 0x00000007c0000000)
  eden space 136192K, 0% used [0x000000076b500000,0x000000076b500000,0x0000000773a00000)
  from space 9728K, 51% used [0x0000000773a00000,0x0000000773eea3f8,0x0000000774380000)
  to   space 10240K, 0% used [0x0000000777100000,0x0000000777100000,0x0000000777b00000)
 ParOldGen       total 107008K, used 8093K [0x00000006c1e00000, 0x00000006c8680000, 0x000000076b500000)
  object space 107008K, 7% used [0x00000006c1e00000,0x00000006c25e75b8,0x00000006c8680000)
 Metaspace       used 34206K, capacity 35396K, committed 35456K, reserved 1079296K
  class space    used 4671K, capacity 4974K, committed 4992K, reserved 1048576K
}
Event: 39.835 GC heap before
{Heap before GC invocations=9 (full 2):
 PSYoungGen      total 145920K, used 5032K [0x000000076b500000, 0x0000000777b00000, 0x00000007c0000000)
  eden space 136192K, 0% used [0x000000076b500000,0x000000076b500000,0x0000000773a00000)
  from space 9728K, 51% used [0x0000000773a00000,0x0000000773eea3f8,0x0000000774380000)
  to   space 10240K, 0% used [0x0000000777100000,0x0000000777100000,0x0000000777b00000)
 ParOldGen       total 107008K, used 8093K [0x00000006c1e00000, 0x00000006c8680000, 0x000000076b500000)
  object space 107008K, 7% used [0x00000006c1e00000,0x00000006c25e75b8,0x00000006c8680000)
 Metaspace       used 34206K, capacity 35396K, committed 35456K, reserved 1079296K
  class space    used 4671K, capacity 4974K, committed 4992K, reserved 1048576K
Event: 39.864 GC heap after
Heap after GC invocations=9 (full 2):
 PSYoungGen      total 145920K, used 0K [0x000000076b500000, 0x0000000777b00000, 0x00000007c0000000)
  eden space 136192K, 0% used [0x000000076b500000,0x000000076b500000,0x0000000773a00000)
  from space 9728K, 0% used [0x0000000773a00000,0x0000000773a00000,0x0000000774380000)
  to   space 10240K, 0% used [0x0000000777100000,0x0000000777100000,0x0000000777b00000)
 ParOldGen       total 160768K, used 10944K [0x00000006c1e00000, 0x00000006cbb00000, 0x000000076b500000)
  object space 160768K, 6% used [0x00000006c1e00000,0x00000006c28b0270,0x00000006cbb00000)
 Metaspace       used 34206K, capacity 35396K, committed 35456K, reserved 1079296K
  class space    used 4671K, capacity 4974K, committed 4992K, reserved 1048576K
}

Deoptimization events (10 events):
Event: 42.988 Thread 0x0000000002aed000 Uncommon trap: reason=unhandled action=none pc=0x000000000330deb8 method=java.net.URLClassLoader.findClass(Ljava/lang/String;)Ljava/lang/Class; @ 44
Event: 42.988 Thread 0x0000000002aed000 Uncommon trap: reason=unhandled action=none pc=0x000000000330deb8 method=java.net.URLClassLoader.findClass(Ljava/lang/String;)Ljava/lang/Class; @ 44
Event: 42.989 Thread 0x0000000002aed000 Uncommon trap: reason=unhandled action=none pc=0x000000000330deb8 method=java.net.URLClassLoader.findClass(Ljava/lang/String;)Ljava/lang/Class; @ 44
Event: 43.002 Thread 0x0000000002aed000 Uncommon trap: reason=range_check action=none pc=0x0000000002ea1224 method=sun.reflect.generics.parser.SignatureParser.current()C @ 34
Event: 43.002 Thread 0x0000000002aed000 Uncommon trap: reason=range_check action=none pc=0x0000000002ea1224 method=sun.reflect.generics.parser.SignatureParser.current()C @ 34
Event: 43.009 Thread 0x0000000002aed000 Uncommon trap: reason=predicate action=maybe_recompile pc=0x00000000035782f8 method=java.util.stream.ReferencePipeline.forEachWithCancel(Ljava/util/Spliterator;Ljava/util/stream/Sink;)V @ 9
Event: 43.011 Thread 0x0000000002aed000 Uncommon trap: reason=bimorphic action=maybe_recompile pc=0x0000000003146150 method=java.util.stream.ReferencePipeline.forEachWithCancel(Ljava/util/Spliterator;Ljava/util/stream/Sink;)V @ 11
Event: 43.011 Thread 0x0000000002aed000 Uncommon trap: reason=bimorphic action=maybe_recompile pc=0x0000000003146150 method=java.util.stream.ReferencePipeline.forEachWithCancel(Ljava/util/Spliterator;Ljava/util/stream/Sink;)V @ 11
Event: 43.011 Thread 0x0000000002aed000 Uncommon trap: reason=bimorphic action=maybe_recompile pc=0x0000000003146150 method=java.util.stream.ReferencePipeline.forEachWithCancel(Ljava/util/Spliterator;Ljava/util/stream/Sink;)V @ 11
Event: 43.012 Thread 0x0000000002aed000 Uncommon trap: reason=bimorphic action=maybe_recompile pc=0x0000000003146150 method=java.util.stream.ReferencePipeline.forEachWithCancel(Ljava/util/Spliterator;Ljava/util/stream/Sink;)V @ 11

Classes redefined (1 events):
Event: 101.298 Thread 0x000000001c64a800 redefined class name=project.pageobjects.AddProjectPage, count=1

Internal exceptions (10 events):
Event: 42.746 Thread 0x0000000002aed000 Exception <a 'java/net/SocketTimeoutException': Read timed out> (0x000000076c59cc50) thrown at [C:\re\workspace\8-2-build-windows-amd64-cygwin\jdk8u201\12322\hotspot\src\share\vm\prims\jni.cpp, line 735]
Event: 42.760 Thread 0x0000000002aed000 Exception <a 'java/net/SocketTimeoutException': Read timed out> (0x000000076c5f1e18) thrown at [C:\re\workspace\8-2-build-windows-amd64-cygwin\jdk8u201\12322\hotspot\src\share\vm\prims\jni.cpp, line 735]
Event: 42.778 Thread 0x0000000002aed000 Exception <a 'java/net/SocketTimeoutException': Read timed out> (0x000000076c646a88) thrown at [C:\re\workspace\8-2-build-windows-amd64-cygwin\jdk8u201\12322\hotspot\src\share\vm\prims\jni.cpp, line 735]
Event: 42.787 Thread 0x0000000002aed000 Exception <a 'java/net/SocketTimeoutException': Read timed out> (0x000000076c69bc50) thrown at [C:\re\workspace\8-2-build-windows-amd64-cygwin\jdk8u201\12322\hotspot\src\share\vm\prims\jni.cpp, line 735]
Event: 42.798 Thread 0x0000000002aed000 Exception <a 'java/net/SocketTimeoutException': Read timed out> (0x000000076c6f08c0) thrown at [C:\re\workspace\8-2-build-windows-amd64-cygwin\jdk8u201\12322\hotspot\src\share\vm\prims\jni.cpp, line 735]
Event: 42.808 Thread 0x0000000002aed000 Exception <a 'java/net/SocketTimeoutException': Read timed out> (0x000000076c745a88) thrown at [C:\re\workspace\8-2-build-windows-amd64-cygwin\jdk8u201\12322\hotspot\src\share\vm\prims\jni.cpp, line 735]
Event: 42.821 Thread 0x0000000002aed000 Exception <a 'java/net/SocketTimeoutException': Read timed out> (0x000000076cbaab68) thrown at [C:\re\workspace\8-2-build-windows-amd64-cygwin\jdk8u201\12322\hotspot\src\share\vm\prims\jni.cpp, line 735]
Event: 42.893 Thread 0x0000000002aed000 Exception <a 'java/net/SocketTimeoutException': Read timed out> (0x000000076cd0fdf8) thrown at [C:\re\workspace\8-2-build-windows-amd64-cygwin\jdk8u201\12322\hotspot\src\share\vm\prims\jni.cpp, line 735]
Event: 43.002 Thread 0x0000000002aed000 Exception <a 'java/lang/ArrayIndexOutOfBoundsException': 89> (0x000000076ce728e8) thrown at [C:\re\workspace\8-2-build-windows-amd64-cygwin\jdk8u201\12322\hotspot\src\share\vm\interpreter\interpreterRuntime.cpp, line 368]
Event: 43.002 Thread 0x0000000002aed000 Exception <a 'java/lang/ArrayIndexOutOfBoundsException': 72> (0x000000076ce75698) thrown at [C:\re\workspace\8-2-build-windows-amd64-cygwin\jdk8u201\12322\hotspot\src\share\vm\interpreter\interpreterRuntime.cpp, line 368]

Events (10 events):
Event: 101.421 Executing VM operation: GetCurrentContendedMonitor done
Event: 101.421 Executing VM operation: GetOwnedMonitorInfo
Event: 101.421 Executing VM operation: GetOwnedMonitorInfo done
Event: 101.422 Executing VM operation: GetCurrentContendedMonitor
Event: 101.422 Executing VM operation: GetCurrentContendedMonitor done
Event: 101.423 Executing VM operation: GetCurrentContendedMonitor
Event: 101.423 Executing VM operation: GetCurrentContendedMonitor done
Event: 101.423 Executing VM operation: GetOwnedMonitorInfo
Event: 101.423 Executing VM operation: GetOwnedMonitorInfo done
Event: 101.506 Executing VM operation: GetOrSetLocal


Dynamic libraries:
0x00007ff710af0000 - 0x00007ff710b27000 	C:\Program Files\Java\jdk1.8.0_201\bin\javaw.exe
0x00007fff79470000 - 0x00007fff79651000 	C:\WINDOWS\SYSTEM32\ntdll.dll
0x00007fff79220000 - 0x00007fff792d1000 	C:\WINDOWS\System32\KERNEL32.DLL
0x00007fff75890000 - 0x00007fff75b03000 	C:\WINDOWS\System32\KERNELBASE.dll
0x00007fff792e0000 - 0x00007fff79381000 	C:\WINDOWS\System32\ADVAPI32.dll
0x00007fff78fd0000 - 0x00007fff7906e000 	C:\WINDOWS\System32\msvcrt.dll
0x00007fff770f0000 - 0x00007fff7714b000 	C:\WINDOWS\System32\sechost.dll
0x00007fff77500000 - 0x00007fff77624000 	C:\WINDOWS\System32\RPCRT4.dll
0x00007fff76e80000 - 0x00007fff77010000 	C:\WINDOWS\System32\USER32.dll
0x00007fff75df0000 - 0x00007fff75e10000 	C:\WINDOWS\System32\win32u.dll
0x00007fff77460000 - 0x00007fff77488000 	C:\WINDOWS\System32\GDI32.dll
0x00007fff75e10000 - 0x00007fff75fa2000 	C:\WINDOWS\System32\gdi32full.dll
0x00007fff75d50000 - 0x00007fff75def000 	C:\WINDOWS\System32\msvcp_win.dll
0x00007fff76800000 - 0x00007fff768f8000 	C:\WINDOWS\System32\ucrtbase.dll
0x00007fff62bb0000 - 0x00007fff62e19000 	C:\WINDOWS\WinSxS\amd64_microsoft.windows.common-controls_6595b64144ccf1df_6.0.17134.1550_none_d40142657c8ef2c1\COMCTL32.dll
0x00007fff77630000 - 0x00007fff77950000 	C:\WINDOWS\System32\combase.dll
0x00007fff75fb0000 - 0x00007fff76029000 	C:\WINDOWS\System32\bcryptPrimitives.dll
0x00007fff76e50000 - 0x00007fff76e7d000 	C:\WINDOWS\System32\IMM32.DLL
0x000000005f860000 - 0x000000005f931000 	C:\Program Files\Java\jdk1.8.0_201\jre\bin\msvcr100.dll
0x000000005ed50000 - 0x000000005f5f4000 	C:\Program Files\Java\jdk1.8.0_201\jre\bin\server\jvm.dll
0x00007fff77490000 - 0x00007fff77498000 	C:\WINDOWS\System32\PSAPI.DLL
0x00007fff73df0000 - 0x00007fff73dfa000 	C:\WINDOWS\SYSTEM32\VERSION.dll
0x00007fff72b50000 - 0x00007fff72b73000 	C:\WINDOWS\SYSTEM32\WINMM.dll
0x00007fff50e30000 - 0x00007fff50e39000 	C:\WINDOWS\SYSTEM32\WSOCK32.dll
0x00007fff78e00000 - 0x00007fff78e6c000 	C:\WINDOWS\System32\WS2_32.dll
0x00007fff72b00000 - 0x00007fff72b2a000 	C:\WINDOWS\SYSTEM32\WINMMBASE.dll
0x00007fff75b10000 - 0x00007fff75b59000 	C:\WINDOWS\System32\cfgmgr32.dll
0x00007fff6b700000 - 0x00007fff6b70f000 	C:\Program Files\Java\jdk1.8.0_201\jre\bin\verify.dll
0x00007fff4ccc0000 - 0x00007fff4cce9000 	C:\Program Files\Java\jdk1.8.0_201\jre\bin\java.dll
0x00007fff3a2d0000 - 0x00007fff3a305000 	C:\Program Files\Java\jdk1.8.0_201\jre\bin\jdwp.dll
0x00007fff6b710000 - 0x00007fff6b718000 	C:\Program Files\Java\jdk1.8.0_201\jre\bin\npt.dll
0x00007fff61b30000 - 0x00007fff61b46000 	C:\Program Files\Java\jdk1.8.0_201\jre\bin\zip.dll
0x00007fff77950000 - 0x00007fff78d95000 	C:\WINDOWS\System32\SHELL32.dll
0x00007fff79390000 - 0x00007fff79439000 	C:\WINDOWS\System32\shcore.dll
0x00007fff76030000 - 0x00007fff76741000 	C:\WINDOWS\System32\windows.storage.dll
0x00007fff769a0000 - 0x00007fff769f1000 	C:\WINDOWS\System32\shlwapi.dll
0x00007fff75790000 - 0x00007fff757a1000 	C:\WINDOWS\System32\kernel.appcore.dll
0x00007fff75800000 - 0x00007fff7581f000 	C:\WINDOWS\System32\profapi.dll
0x00007fff757b0000 - 0x00007fff757fc000 	C:\WINDOWS\System32\powrprof.dll
0x00007fff75820000 - 0x00007fff7582a000 	C:\WINDOWS\System32\FLTLIB.DLL
0x00007fff68940000 - 0x00007fff68949000 	C:\Program Files\Java\jdk1.8.0_201\jre\bin\dt_socket.dll
0x00007fff60220000 - 0x00007fff60236000 	C:\WINDOWS\system32\napinsp.dll
0x00007fff602c0000 - 0x00007fff602da000 	C:\WINDOWS\system32\pnrpnsp.dll
0x00007fff6dfe0000 - 0x00007fff6dff9000 	C:\WINDOWS\system32\NLAapi.dll
0x00007fff74f40000 - 0x00007fff74fa6000 	C:\WINDOWS\System32\mswsock.dll
0x00007fff74ce0000 - 0x00007fff74d9f000 	C:\WINDOWS\SYSTEM32\DNSAPI.dll
0x00007fff770e0000 - 0x00007fff770e8000 	C:\WINDOWS\System32\NSI.dll
0x00007fff74ca0000 - 0x00007fff74cd8000 	C:\WINDOWS\SYSTEM32\IPHLPAPI.DLL
0x00007fff60320000 - 0x00007fff6032e000 	C:\WINDOWS\System32\winrnr.dll
0x00007fff647e0000 - 0x00007fff647f5000 	C:\WINDOWS\System32\wshbth.dll
0x00007fff66130000 - 0x00007fff661a2000 	C:\WINDOWS\System32\fwpuclnt.dll
0x00007fff75270000 - 0x00007fff75295000 	C:\WINDOWS\SYSTEM32\bcrypt.dll
0x00007fff60480000 - 0x00007fff6048a000 	C:\Windows\System32\rasadhlp.dll
0x00007fff50c50000 - 0x00007fff50c6a000 	C:\Program Files\Java\jdk1.8.0_201\jre\bin\net.dll
0x00007fff671b0000 - 0x00007fff6737c000 	C:\WINDOWS\SYSTEM32\urlmon.dll
0x00007fff676f0000 - 0x00007fff67997000 	C:\WINDOWS\SYSTEM32\iertutil.dll
0x00007fff750a0000 - 0x00007fff750ab000 	C:\WINDOWS\SYSTEM32\CRYPTBASE.DLL
0x00007fff4cca0000 - 0x00007fff4ccb1000 	C:\Program Files\Java\jdk1.8.0_201\jre\bin\nio.dll
0x00007fff3fce0000 - 0x00007fff3fd04000 	C:\Program Files\Java\jdk1.8.0_201\jre\bin\sunec.dll
0x00007fff6b6f0000 - 0x00007fff6b6fb000 	C:\Program Files\Java\jdk1.8.0_201\jre\bin\sunmscapi.dll
0x00007fff75b60000 - 0x00007fff75d42000 	C:\WINDOWS\System32\CRYPT32.dll
0x00007fff75770000 - 0x00007fff75782000 	C:\WINDOWS\System32\MSASN1.dll
0x00007fff64870000 - 0x00007fff64886000 	C:\WINDOWS\SYSTEM32\dhcpcsvc6.DLL
0x00007fff64850000 - 0x00007fff6486a000 	C:\WINDOWS\SYSTEM32\dhcpcsvc.DLL
0x00007fff75150000 - 0x00007fff75167000 	C:\WINDOWS\SYSTEM32\CRYPTSP.dll
0x00007fff748d0000 - 0x00007fff74903000 	C:\WINDOWS\system32\rsaenh.dll
0x00007fff756a0000 - 0x00007fff756c8000 	C:\WINDOWS\SYSTEM32\USERENV.dll
0x00007fff72dc0000 - 0x00007fff72f89000 	C:\WINDOWS\SYSTEM32\dbghelp.dll

VM Arguments:
jvm_args: -agentlib:jdwp=transport=dt_socket,suspend=y,address=localhost:60337 -Dfile.encoding=UTF-8 
java_command: org.eclipse.jdt.internal.junit.runner.RemoteTestRunner -version 3 -port 60333 -testLoaderClass org.eclipse.jdt.internal.junit4.runner.JUnit4TestLoader -loaderpluginname org.eclipse.jdt.junit4.runtime -classNames project.testrunner.TestRunner
java_class_path (initial): C:\Users\pradeep.chinthala\Desktop\LatestWorkSpace\NewRepo\com.pmtautomation.project\target\test-classes;C:\Users\pradeep.chinthala\Desktop\LatestWorkSpace\NewRepo\com.pmtautomation.project\target\classes;C:\Users\pradeep.chinthala\.m2\repository\com\github\javafaker\javafaker\1.0.1\javafaker-1.0.1.jar;C:\Users\pradeep.chinthala\.m2\repository\org\apache\commons\commons-lang3\3.5\commons-lang3-3.5.jar;C:\Users\pradeep.chinthala\.m2\repository\org\yaml\snakeyaml\1.23\snakeyaml-1.23-android.jar;C:\Users\pradeep.chinthala\.m2\repository\com\github\mifmif\generex\1.0.2\generex-1.0.2.jar;C:\Users\pradeep.chinthala\.m2\repository\dk\brics\automaton\automaton\1.11-8\automaton-1.11-8.jar;C:\Users\pradeep.chinthala\.m2\repository\junit\junit\4.12\junit-4.12.jar;C:\Users\pradeep.chinthala\.m2\repository\org\hamcrest\hamcrest-core\1.3\hamcrest-core-1.3.jar;C:\Users\pradeep.chinthala\.m2\repository\net\serenity-bdd\serenity-core\2.1.5\serenity-core-2.1.5.jar;C:\Users\pradeep.chinthala\.m2\repository\net\bytebuddy\byte-buddy\1.10.1\byte-buddy-1.10.1.jar;C:\Users\pradeep.chinthala\.m2\repository\net\bytebuddy\byte-buddy-agent\1.10.1\byte-buddy-agent-1.10.1.jar;C:\Users\pradeep.chinthala\.m2\repository\com\google\guava\guava\25.0-jre\guava-25.0-jre.jar;C:\Users\pradeep.chinthala\.m2\repository\com\google\code\findbugs\jsr305\1.3.9\jsr305-1.3.9.jar;C:\Users\pradeep.chinthala\.m2\repository\org\checkerframework\checker-compat-qual\2.0.0\checker-compat-qual-2.0.0.jar;C:\Users\pradeep.chinthala\.m2\repository\com\google\errorprone\error_prone_annotations\2.1.3\error_prone_annotations-2.1.3.jar;C:\Users\pradeep.chinthala\.m2\repository\com\google\j2objc\j2objc-annotations\1.1\j2objc-annotations-1.1.jar;C:\Users\pradeep.chinthala\.m2\repository\org\codehaus\mojo\animal-sniffer-annotations\1.14\animal-sniffer-annotations-1.14.jar;C:\Users\pradeep.chinthala\.m2\repository\com\google\inject\guice\4.2.2\guice-4.2.2.jar;C:\Users\pradeep.chinthala\.m2\repository\j
Launcher Type: SUN_STANDARD

Environment Variables:
PATH=C:/Program Files/Java/jdk1.8.0_201/bin/../jre/bin/server;C:/Program Files/Java/jdk1.8.0_201/bin/../jre/bin;C:/Program Files/Java/jdk1.8.0_201/bin/../jre/lib/amd64;C:\WINDOWS\system32;C:\WINDOWS;C:\WINDOWS\System32\Wbem;C:\WINDOWS\System32\WindowsPowerShell\v1.0\;C:\WINDOWS\System32\OpenSSH\;C:\Program Files (x86)\Sennheiser\SoftphoneSDK\;C:\Program Files\nodejs\;C:\Program Files (x86)\Microsoft SQL Server\Client SDK\ODBC\130\Tools\Binn\;C:\Program Files (x86)\Microsoft SQL Server\140\Tools\Binn\;C:\Program Files (x86)\Microsoft SQL Server\140\DTS\Binn\;C:\Program Files (x86)\Microsoft SQL Server\140\Tools\Binn\ManagementStudio\;C:\Program Files\Java\jdk1.8.0_201\bin;C:\Program Files\Java\jdk1.8.0_201\jre\bin;C:\Program Files\dotnet\;C:\Program Files\Microsoft SQL Server\130\Tools\Binn\;C:\Program Files (x86)\dotnet\;C:\Program Files (x86)\Intel\Intel(R) Management Engine Components\DAL;C:\Program Files\Intel\Intel(R) Management Engine Components\DAL;C:\Users\pradeep.chinthala\AppData\Local\Microsoft\WindowsApps;C:\Users\pradeep.chinthala\AppData\Local\Programs\Git\cmd;C:\Users\pradeep.chinthala\AppData\Local\Programs\Microsoft VS Code\bin;C:\Users\pradeep.chinthala\.dotnet\tools;C:\Users\pradeep.chinthala\AppData\Local\JetBrains\IntelliJ IDEA 2020.1.1\bin;;C:\Users\pradeep.chinthala\Downloads\eclipse-jee-mars-2-win32-x86_64\eclipse;
USERNAME=pradeep.chinthala
OS=Windows_NT
PROCESSOR_IDENTIFIER=Intel64 Family 6 Model 142 Stepping 10, GenuineIntel



---------------  S Y S T E M  ---------------

OS: Windows 10.0 , 64 bit Build 17134 (10.0.17134.1425)

CPU:total 8 (initial active 8) (4 cores per cpu, 2 threads per core) family 6 model 142 stepping 10, cmov, cx8, fxsr, mmx, sse, sse2, sse3, ssse3, sse4.1, sse4.2, popcnt, avx, avx2, aes, clmul, erms, rtm, 3dnowpref, lzcnt, ht, tsc, tscinvbit, bmi1, bmi2, adx

Memory: 4k page, physical 16653304k(6829316k free), swap 19143672k(4776344k free)

vm_info: Java HotSpot(TM) 64-Bit Server VM (25.201-b09) for windows-amd64 JRE (1.8.0_201-b09), built on Dec 15 2018 18:36:39 by "java_re" with MS VC++ 10.0 (VS2010)

time: Wed Jul 08 11:47:34 2020
timezone: India Standard Time
elapsed time: 101 seconds (0d 0h 1m 41s)

